#
# There is insufficient memory for the Java Runtime Environment to continue.
# Native memory allocation (malloc) failed to allocate 32744 bytes for ChunkPool::allocate
# Possible reasons:
#   The system is out of physical RAM or swap space
#   The process is running with CompressedOops enabled, and the Java Heap may be blocking the growth of the native heap
# Possible solutions:
#   Reduce memory load on the system
#   Increase physical memory or swap space
#   Check if swap backing store is full
#   Decrease Java heap size (-Xmx/-Xms)
#   Decrease number of Java threads
#   Decrease Java thread stack sizes (-Xss)
#   Set larger code cache with -XX:ReservedCodeCacheSize=
#   JVM is running with Unscaled Compressed Oops mode in which the Java heap is
#     placed in the first 4GB address space. The Java Heap base address is the
#     maximum limit for the native heap growth. Please use -XX:HeapBaseMinAddress
#     to set the Java Heap base and to place the Java Heap above 4GB virtual address.
# This output file may be truncated or incomplete.
#
#  Out of Memory Error (./src/hotspot/share/memory/arena.cpp:81), pid=9968, tid=42940
#
# JRE version: OpenJDK Runtime Environment (11.0.12+7) (build 11.0.12+7-b1504.28-7817840)
# Java VM: OpenJDK 64-Bit Server VM (11.0.12+7-b1504.28-7817840, mixed mode, tiered, compressed oops, g1 gc, windows-amd64)
# No core dump will be written. Minidumps are not enabled by default on client versions of Windows
#

---------------  S U M M A R Y ------------

Command Line: -Dorg.gradle.appname=gradlew org.gradle.wrapper.GradleWrapperMain -q -Ptarget-platform=android-x86 -Ptarget=C:\Users\dantu\OneDrive\Desktop\4-1\Kamal\Crop insurance assistance\lib\main.dart -Pbase-application-name=android.app.Application -Pdart-defines=RkxVVFRFUl9XRUJfQVVUT19ERVRFQ1Q9dHJ1ZQ== -Pdart-obfuscation=false -Ptrack-widget-creation=true -Ptree-shake-icons=false -Pfilesystem-scheme=org-dartlang-root assembleDebug

Host: AMD Ryzen 5 5600H with Radeon Graphics         , 12 cores, 7G,  Windows 10 , 64 bit Build 22621 (10.0.22621.1778)
Time: Tue Jul 18 00:10:01 2023 India Standard Time elapsed time: 11.840065 seconds (0d 0h 0m 11s)

---------------  T H R E A D  ---------------

Current thread (0x000001fa37a81000):  JavaThread "C1 CompilerThread0" daemon [_thread_in_native, id=42940, stack(0x000000a8ed900000,0x000000a8eda00000)]


Current CompileTask:
C1:  11840 1134       3      
[error occurred during error reporting (printing current compile task), id 0xe0000001, Out of Memory Error (./src/hotspot/share/memory/arena.cpp:81)]

Stack: [0x000000a8ed900000,0x000000a8eda00000]
Native frames: (J=compiled Java code, j=interpreted, Vv=VM code, C=native code)
V  [jvm.dll+0x5fbcea]
V  [jvm.dll+0x731905]
V  [jvm.dll+0x732f1d]
V  [jvm.dll+0x7335d3]
V  [jvm.dll+0x247bf8]
V  [jvm.dll+0xc041b]
V  [jvm.dll+0xc06cc]
V  [jvm.dll+0x6c480a]
V  [jvm.dll+0x6c4959]
V  [jvm.dll+0x4d23f2]
V  [jvm.dll+0x5b3719]
V  [jvm.dll+0x2129f5]
V  [jvm.dll+0x212e07]
V  [jvm.dll+0x7317a3]
V  [jvm.dll+0x732f1d]
V  [jvm.dll+0x7335d3]
V  [jvm.dll+0x247bf8]
V  [jvm.dll+0xc041b]
V  [jvm.dll+0xc06cc]
V  [jvm.dll+0x16a334]
V  [jvm.dll+0x16a66d]
V  [jvm.dll+0x16a6f0]
V  [jvm.dll+0x16c94d]
V  [jvm.dll+0x16e8b4]
V  [jvm.dll+0x128a5c]
V  [jvm.dll+0x128569]
V  [jvm.dll+0x1286d3]
V  [jvm.dll+0x1279e7]
V  [jvm.dll+0x1295b7]
V  [jvm.dll+0x20e0d7]
V  [jvm.dll+0x20c901]
V  [jvm.dll+0x6f9b7f]
V  [jvm.dll+0x6f26a5]
V  [jvm.dll+0x5fabf6]
C  [ucrtbase.dll+0x29363]
C  [KERNEL32.DLL+0x126ad]
C  [ntdll.dll+0x5a9f8]


---------------  P R O C E S S  ---------------

Threads class SMR info:
_java_thread_list=0x000001fa38ef68f0, length=13, elements={
0x000001fa1b7ed000, 0x000001fa37a60000, 0x000001fa37a69800, 0x000001fa383da800,
0x000001fa383db800, 0x000001fa383df800, 0x000001fa383e2000, 0x000001fa37a81000,
0x000001fa383f1000, 0x000001fa383f2000, 0x000001fa383ec000, 0x000001fa383f3000,
0x000001fa383ed000
}

Java Threads: ( => current thread )
  0x000001fa1b7ed000 JavaThread "main" [_thread_in_native, id=19024, stack(0x000000a8ecc00000,0x000000a8ecd00000)]
  0x000001fa37a60000 JavaThread "Reference Handler" daemon [_thread_blocked, id=9176, stack(0x000000a8ed300000,0x000000a8ed400000)]
  0x000001fa37a69800 JavaThread "Finalizer" daemon [_thread_blocked, id=25744, stack(0x000000a8ed400000,0x000000a8ed500000)]
  0x000001fa383da800 JavaThread "Signal Dispatcher" daemon [_thread_blocked, id=6272, stack(0x000000a8ed500000,0x000000a8ed600000)]
  0x000001fa383db800 JavaThread "Attach Listener" daemon [_thread_blocked, id=39616, stack(0x000000a8ed600000,0x000000a8ed700000)]
  0x000001fa383df800 JavaThread "Service Thread" daemon [_thread_blocked, id=42492, stack(0x000000a8ed700000,0x000000a8ed800000)]
  0x000001fa383e2000 JavaThread "C2 CompilerThread0" daemon [_thread_blocked, id=42876, stack(0x000000a8ed800000,0x000000a8ed900000)]
=>0x000001fa37a81000 JavaThread "C1 CompilerThread0" daemon [_thread_in_native, id=42940, stack(0x000000a8ed900000,0x000000a8eda00000)]
  0x000001fa383f1000 JavaThread "Sweeper thread" daemon [_thread_blocked, id=27604, stack(0x000000a8eda00000,0x000000a8edb00000)]
  0x000001fa383f2000 JavaThread "Common-Cleaner" daemon [_thread_blocked, id=10420, stack(0x000000a8edc00000,0x000000a8edd00000)]
  0x000001fa383ec000 JavaThread "pool-1-thread-1" [_thread_blocked, id=42568, stack(0x000000a8ede00000,0x000000a8edf00000)]
  0x000001fa383f3000 JavaThread "DisconnectableInputStream source reader" daemon [_thread_in_native, id=12300, stack(0x000000a8ee400000,0x000000a8ee500000)]
  0x000001fa383ed000 JavaThread "Forward input" [_thread_blocked, id=42228, stack(0x000000a8ee500000,0x000000a8ee600000)]

Other Threads:
  0x000001fa37a5b800 VMThread "VM Thread" [stack: 0x000000a8ed200000,0x000000a8ed300000] [id=39808]
  0x000001fa3853c000 WatcherThread [stack: 0x000000a8edb00000,0x000000a8edc00000] [id=33696]
  0x000001fa1b805000 GCTaskThread "GC Thread#0" [stack: 0x000000a8ecd00000,0x000000a8ece00000] [id=17740]
  0x000001fa39255800 GCTaskThread "GC Thread#1" [stack: 0x000000a8edf00000,0x000000a8ee000000] [id=11288]
  0x000001fa38e27000 GCTaskThread "GC Thread#2" [stack: 0x000000a8ee000000,0x000000a8ee100000] [id=23088]
  0x000001fa38f51000 GCTaskThread "GC Thread#3" [stack: 0x000000a8ee100000,0x000000a8ee200000] [id=44952]
  0x000001fa1b834000 ConcurrentGCThread "G1 Main Marker" [stack: 0x000000a8ece00000,0x000000a8ecf00000] [id=32856]
  0x000001fa1b838000 ConcurrentGCThread "G1 Conc#0" [stack: 0x000000a8ecf00000,0x000000a8ed000000] [id=16304]
  0x000001fa378a0800 ConcurrentGCThread "G1 Refine#0" [stack: 0x000000a8ed000000,0x000000a8ed100000] [id=10760]
  0x000001fa378a3800 ConcurrentGCThread "G1 Young RemSet Sampling" [stack: 0x000000a8ed100000,0x000000a8ed200000] [id=16800]

Threads with active compile tasks:
C1 CompilerThread0  11873 1134       3       java.lang.invoke.VarHandleGuards::guard_LL_V (103 bytes)

VM state:not at safepoint (normal execution)

VM Mutex/Monitor currently owned by a thread: None

Heap address: 0x000000008a600000, size: 1882 MB, Compressed Oops mode: 32-bit
Narrow klass base: 0x0000000000000000, Narrow klass shift: 3
Compressed class space size: 1073741824 Address: 0x0000000100000000

Heap:
 garbage-first heap   total 120832K, used 19958K [0x000000008a600000, 0x0000000100000000)
  region size 1024K, 15 young (15360K), 3 survivors (3072K)
 Metaspace       used 14902K, capacity 15182K, committed 15488K, reserved 1062912K
  class space    used 1718K, capacity 1827K, committed 1920K, reserved 1048576K
Heap Regions: E=young(eden), S=young(survivor), O=old, HS=humongous(starts), HC=humongous(continues), CS=collection set, F=free, A=archive, TAMS=top-at-mark-start (previous, next)
|   0|0x000000008a600000, 0x000000008a600000, 0x000000008a700000|  0%| F|  |TAMS 0x000000008a600000, 0x000000008a600000| Untracked 
|   1|0x000000008a700000, 0x000000008a700000, 0x000000008a800000|  0%| F|  |TAMS 0x000000008a700000, 0x000000008a700000| Untracked 
|   2|0x000000008a800000, 0x000000008a800000, 0x000000008a900000|  0%| F|  |TAMS 0x000000008a800000, 0x000000008a800000| Untracked 
|   3|0x000000008a900000, 0x000000008aa00000, 0x000000008aa00000|100%|HS|  |TAMS 0x000000008a900000, 0x000000008a900000| Complete 
|   4|0x000000008aa00000, 0x000000008ab00000, 0x000000008ab00000|100%|HC|  |TAMS 0x000000008aa00000, 0x000000008aa00000| Complete 
|   5|0x000000008ab00000, 0x000000008ac00000, 0x000000008ac00000|100%|HC|  |TAMS 0x000000008ab00000, 0x000000008ab00000| Complete 
|   6|0x000000008ac00000, 0x000000008ad00000, 0x000000008ad00000|100%| O|  |TAMS 0x000000008ac00000, 0x000000008ac00000| Untracked 
|   7|0x000000008ad00000, 0x000000008ae00000, 0x000000008ae00000|100%| O|  |TAMS 0x000000008ad00000, 0x000000008ad00000| Untracked 
|   8|0x000000008ae00000, 0x000000008ae7d800, 0x000000008af00000| 49%| O|  |TAMS 0x000000008ae00000, 0x000000008ae00000| Untracked 
|   9|0x000000008af00000, 0x000000008af00000, 0x000000008b000000|  0%| F|  |TAMS 0x000000008af00000, 0x000000008af00000| Untracked 
|  10|0x000000008b000000, 0x000000008b000000, 0x000000008b100000|  0%| F|  |TAMS 0x000000008b000000, 0x000000008b000000| Untracked 
|  11|0x000000008b100000, 0x000000008b100000, 0x000000008b200000|  0%| F|  |TAMS 0x000000008b100000, 0x000000008b100000| Untracked 
|  12|0x000000008b200000, 0x000000008b200000, 0x000000008b300000|  0%| F|  |TAMS 0x000000008b200000, 0x000000008b200000| Untracked 
|  13|0x000000008b300000, 0x000000008b300000, 0x000000008b400000|  0%| F|  |TAMS 0x000000008b300000, 0x000000008b300000| Untracked 
|  14|0x000000008b400000, 0x000000008b400000, 0x000000008b500000|  0%| F|  |TAMS 0x000000008b400000, 0x000000008b400000| Untracked 
|  15|0x000000008b500000, 0x000000008b500000, 0x000000008b600000|  0%| F|  |TAMS 0x000000008b500000, 0x000000008b500000| Untracked 
|  16|0x000000008b600000, 0x000000008b600000, 0x000000008b700000|  0%| F|  |TAMS 0x000000008b600000, 0x000000008b600000| Untracked 
|  17|0x000000008b700000, 0x000000008b700000, 0x000000008b800000|  0%| F|  |TAMS 0x000000008b700000, 0x000000008b700000| Untracked 
|  18|0x000000008b800000, 0x000000008b800000, 0x000000008b900000|  0%| F|  |TAMS 0x000000008b800000, 0x000000008b800000| Untracked 
|  19|0x000000008b900000, 0x000000008b900000, 0x000000008ba00000|  0%| F|  |TAMS 0x000000008b900000, 0x000000008b900000| Untracked 
|  20|0x000000008ba00000, 0x000000008ba00000, 0x000000008bb00000|  0%| F|  |TAMS 0x000000008ba00000, 0x000000008ba00000| Untracked 
|  21|0x000000008bb00000, 0x000000008bb00000, 0x000000008bc00000|  0%| F|  |TAMS 0x000000008bb00000, 0x000000008bb00000| Untracked 
|  22|0x000000008bc00000, 0x000000008bc00000, 0x000000008bd00000|  0%| F|  |TAMS 0x000000008bc00000, 0x000000008bc00000| Untracked 
|  23|0x000000008bd00000, 0x000000008bd00000, 0x000000008be00000|  0%| F|  |TAMS 0x000000008bd00000, 0x000000008bd00000| Untracked 
|  24|0x000000008be00000, 0x000000008be00000, 0x000000008bf00000|  0%| F|  |TAMS 0x000000008be00000, 0x000000008be00000| Untracked 
|  25|0x000000008bf00000, 0x000000008bf00000, 0x000000008c000000|  0%| F|  |TAMS 0x000000008bf00000, 0x000000008bf00000| Untracked 
|  26|0x000000008c000000, 0x000000008c000000, 0x000000008c100000|  0%| F|  |TAMS 0x000000008c000000, 0x000000008c000000| Untracked 
|  27|0x000000008c100000, 0x000000008c100000, 0x000000008c200000|  0%| F|  |TAMS 0x000000008c100000, 0x000000008c100000| Untracked 
|  28|0x000000008c200000, 0x000000008c200000, 0x000000008c300000|  0%| F|  |TAMS 0x000000008c200000, 0x000000008c200000| Untracked 
|  29|0x000000008c300000, 0x000000008c300000, 0x000000008c400000|  0%| F|  |TAMS 0x000000008c300000, 0x000000008c300000| Untracked 
|  30|0x000000008c400000, 0x000000008c400000, 0x000000008c500000|  0%| F|  |TAMS 0x000000008c400000, 0x000000008c400000| Untracked 
|  31|0x000000008c500000, 0x000000008c500000, 0x000000008c600000|  0%| F|  |TAMS 0x000000008c500000, 0x000000008c500000| Untracked 
|  32|0x000000008c600000, 0x000000008c600000, 0x000000008c700000|  0%| F|  |TAMS 0x000000008c600000, 0x000000008c600000| Untracked 
|  33|0x000000008c700000, 0x000000008c700000, 0x000000008c800000|  0%| F|  |TAMS 0x000000008c700000, 0x000000008c700000| Untracked 
|  34|0x000000008c800000, 0x000000008c800000, 0x000000008c900000|  0%| F|  |TAMS 0x000000008c800000, 0x000000008c800000| Untracked 
|  35|0x000000008c900000, 0x000000008c900000, 0x000000008ca00000|  0%| F|  |TAMS 0x000000008c900000, 0x000000008c900000| Untracked 
|  36|0x000000008ca00000, 0x000000008ca00000, 0x000000008cb00000|  0%| F|  |TAMS 0x000000008ca00000, 0x000000008ca00000| Untracked 
|  37|0x000000008cb00000, 0x000000008cb00000, 0x000000008cc00000|  0%| F|  |TAMS 0x000000008cb00000, 0x000000008cb00000| Untracked 
|  38|0x000000008cc00000, 0x000000008cc00000, 0x000000008cd00000|  0%| F|  |TAMS 0x000000008cc00000, 0x000000008cc00000| Untracked 
|  39|0x000000008cd00000, 0x000000008cd00000, 0x000000008ce00000|  0%| F|  |TAMS 0x000000008cd00000, 0x000000008cd00000| Untracked 
|  40|0x000000008ce00000, 0x000000008ce00000, 0x000000008cf00000|  0%| F|  |TAMS 0x000000008ce00000, 0x000000008ce00000| Untracked 
|  41|0x000000008cf00000, 0x000000008cf00000, 0x000000008d000000|  0%| F|  |TAMS 0x000000008cf00000, 0x000000008cf00000| Untracked 
|  42|0x000000008d000000, 0x000000008d000000, 0x000000008d100000|  0%| F|  |TAMS 0x000000008d000000, 0x000000008d000000| Untracked 
|  43|0x000000008d100000, 0x000000008d100000, 0x000000008d200000|  0%| F|  |TAMS 0x000000008d100000, 0x000000008d100000| Untracked 
|  44|0x000000008d200000, 0x000000008d200000, 0x000000008d300000|  0%| F|  |TAMS 0x000000008d200000, 0x000000008d200000| Untracked 
|  45|0x000000008d300000, 0x000000008d300000, 0x000000008d400000|  0%| F|  |TAMS 0x000000008d300000, 0x000000008d300000| Untracked 
|  46|0x000000008d400000, 0x000000008d400000, 0x000000008d500000|  0%| F|  |TAMS 0x000000008d400000, 0x000000008d400000| Untracked 
|  47|0x000000008d500000, 0x000000008d500000, 0x000000008d600000|  0%| F|  |TAMS 0x000000008d500000, 0x000000008d500000| Untracked 
|  48|0x000000008d600000, 0x000000008d600000, 0x000000008d700000|  0%| F|  |TAMS 0x000000008d600000, 0x000000008d600000| Untracked 
|  49|0x000000008d700000, 0x000000008d700000, 0x000000008d800000|  0%| F|  |TAMS 0x000000008d700000, 0x000000008d700000| Untracked 
|  50|0x000000008d800000, 0x000000008d800000, 0x000000008d900000|  0%| F|  |TAMS 0x000000008d800000, 0x000000008d800000| Untracked 
|  51|0x000000008d900000, 0x000000008d900000, 0x000000008da00000|  0%| F|  |TAMS 0x000000008d900000, 0x000000008d900000| Untracked 
|  52|0x000000008da00000, 0x000000008da00000, 0x000000008db00000|  0%| F|  |TAMS 0x000000008da00000, 0x000000008da00000| Untracked 
|  53|0x000000008db00000, 0x000000008db00000, 0x000000008dc00000|  0%| F|  |TAMS 0x000000008db00000, 0x000000008db00000| Untracked 
|  54|0x000000008dc00000, 0x000000008dc00000, 0x000000008dd00000|  0%| F|  |TAMS 0x000000008dc00000, 0x000000008dc00000| Untracked 
|  55|0x000000008dd00000, 0x000000008dd00000, 0x000000008de00000|  0%| F|  |TAMS 0x000000008dd00000, 0x000000008dd00000| Untracked 
|  56|0x000000008de00000, 0x000000008de00000, 0x000000008df00000|  0%| F|  |TAMS 0x000000008de00000, 0x000000008de00000| Untracked 
|  57|0x000000008df00000, 0x000000008df00000, 0x000000008e000000|  0%| F|  |TAMS 0x000000008df00000, 0x000000008df00000| Untracked 
|  58|0x000000008e000000, 0x000000008e000000, 0x000000008e100000|  0%| F|  |TAMS 0x000000008e000000, 0x000000008e000000| Untracked 
|  59|0x000000008e100000, 0x000000008e100000, 0x000000008e200000|  0%| F|  |TAMS 0x000000008e100000, 0x000000008e100000| Untracked 
|  60|0x000000008e200000, 0x000000008e200000, 0x000000008e300000|  0%| F|  |TAMS 0x000000008e200000, 0x000000008e200000| Untracked 
|  61|0x000000008e300000, 0x000000008e300000, 0x000000008e400000|  0%| F|  |TAMS 0x000000008e300000, 0x000000008e300000| Untracked 
|  62|0x000000008e400000, 0x000000008e400000, 0x000000008e500000|  0%| F|  |TAMS 0x000000008e400000, 0x000000008e400000| Untracked 
|  63|0x000000008e500000, 0x000000008e500000, 0x000000008e600000|  0%| F|  |TAMS 0x000000008e500000, 0x000000008e500000| Untracked 
|  64|0x000000008e600000, 0x000000008e600000, 0x000000008e700000|  0%| F|  |TAMS 0x000000008e600000, 0x000000008e600000| Untracked 
|  65|0x000000008e700000, 0x000000008e700000, 0x000000008e800000|  0%| F|  |TAMS 0x000000008e700000, 0x000000008e700000| Untracked 
|  66|0x000000008e800000, 0x000000008e800000, 0x000000008e900000|  0%| F|  |TAMS 0x000000008e800000, 0x000000008e800000| Untracked 
|  67|0x000000008e900000, 0x000000008e900000, 0x000000008ea00000|  0%| F|  |TAMS 0x000000008e900000, 0x000000008e900000| Untracked 
|  68|0x000000008ea00000, 0x000000008ea00000, 0x000000008eb00000|  0%| F|  |TAMS 0x000000008ea00000, 0x000000008ea00000| Untracked 
|  69|0x000000008eb00000, 0x000000008eb00000, 0x000000008ec00000|  0%| F|  |TAMS 0x000000008eb00000, 0x000000008eb00000| Untracked 
|  70|0x000000008ec00000, 0x000000008ec00000, 0x000000008ed00000|  0%| F|  |TAMS 0x000000008ec00000, 0x000000008ec00000| Untracked 
|  71|0x000000008ed00000, 0x000000008ed00000, 0x000000008ee00000|  0%| F|  |TAMS 0x000000008ed00000, 0x000000008ed00000| Untracked 
|  72|0x000000008ee00000, 0x000000008ee00000, 0x000000008ef00000|  0%| F|  |TAMS 0x000000008ee00000, 0x000000008ee00000| Untracked 
|  73|0x000000008ef00000, 0x000000008ef00000, 0x000000008f000000|  0%| F|  |TAMS 0x000000008ef00000, 0x000000008ef00000| Untracked 
|  74|0x000000008f000000, 0x000000008f000000, 0x000000008f100000|  0%| F|  |TAMS 0x000000008f000000, 0x000000008f000000| Untracked 
|  75|0x000000008f100000, 0x000000008f100000, 0x000000008f200000|  0%| F|  |TAMS 0x000000008f100000, 0x000000008f100000| Untracked 
|  76|0x000000008f200000, 0x000000008f200000, 0x000000008f300000|  0%| F|  |TAMS 0x000000008f200000, 0x000000008f200000| Untracked 
|  77|0x000000008f300000, 0x000000008f300000, 0x000000008f400000|  0%| F|  |TAMS 0x000000008f300000, 0x000000008f300000| Untracked 
|  78|0x000000008f400000, 0x000000008f400000, 0x000000008f500000|  0%| F|  |TAMS 0x000000008f400000, 0x000000008f400000| Untracked 
|  79|0x000000008f500000, 0x000000008f500000, 0x000000008f600000|  0%| F|  |TAMS 0x000000008f500000, 0x000000008f500000| Untracked 
|  80|0x000000008f600000, 0x000000008f600000, 0x000000008f700000|  0%| F|  |TAMS 0x000000008f600000, 0x000000008f600000| Untracked 
|  81|0x000000008f700000, 0x000000008f700000, 0x000000008f800000|  0%| F|  |TAMS 0x000000008f700000, 0x000000008f700000| Untracked 
|  82|0x000000008f800000, 0x000000008f800000, 0x000000008f900000|  0%| F|  |TAMS 0x000000008f800000, 0x000000008f800000| Untracked 
|  83|0x000000008f900000, 0x000000008f900000, 0x000000008fa00000|  0%| F|  |TAMS 0x000000008f900000, 0x000000008f900000| Untracked 
|  84|0x000000008fa00000, 0x000000008fa00000, 0x000000008fb00000|  0%| F|  |TAMS 0x000000008fa00000, 0x000000008fa00000| Untracked 
|  85|0x000000008fb00000, 0x000000008fb00000, 0x000000008fc00000|  0%| F|  |TAMS 0x000000008fb00000, 0x000000008fb00000| Untracked 
|  86|0x000000008fc00000, 0x000000008fc00000, 0x000000008fd00000|  0%| F|  |TAMS 0x000000008fc00000, 0x000000008fc00000| Untracked 
|  87|0x000000008fd00000, 0x000000008fd00000, 0x000000008fe00000|  0%| F|  |TAMS 0x000000008fd00000, 0x000000008fd00000| Untracked 
|  88|0x000000008fe00000, 0x000000008fe00000, 0x000000008ff00000|  0%| F|  |TAMS 0x000000008fe00000, 0x000000008fe00000| Untracked 
|  89|0x000000008ff00000, 0x000000008ff00000, 0x0000000090000000|  0%| F|  |TAMS 0x000000008ff00000, 0x000000008ff00000| Untracked 
|  90|0x0000000090000000, 0x0000000090000000, 0x0000000090100000|  0%| F|  |TAMS 0x0000000090000000, 0x0000000090000000| Untracked 
|  91|0x0000000090100000, 0x0000000090200000, 0x0000000090200000|100%| S|CS|TAMS 0x0000000090100000, 0x0000000090100000| Complete 
|  92|0x0000000090200000, 0x0000000090300000, 0x0000000090300000|100%| S|CS|TAMS 0x0000000090200000, 0x0000000090200000| Complete 
|  93|0x0000000090300000, 0x0000000090400000, 0x0000000090400000|100%| S|CS|TAMS 0x0000000090300000, 0x0000000090300000| Complete 
|  94|0x0000000090400000, 0x0000000090400000, 0x0000000090500000|  0%| F|  |TAMS 0x0000000090400000, 0x0000000090400000| Untracked 
|  95|0x0000000090500000, 0x0000000090500000, 0x0000000090600000|  0%| F|  |TAMS 0x0000000090500000, 0x0000000090500000| Untracked 
|  96|0x0000000090600000, 0x0000000090600000, 0x0000000090700000|  0%| F|  |TAMS 0x0000000090600000, 0x0000000090600000| Untracked 
|  97|0x0000000090700000, 0x0000000090700000, 0x0000000090800000|  0%| F|  |TAMS 0x0000000090700000, 0x0000000090700000| Untracked 
|  98|0x0000000090800000, 0x0000000090800000, 0x0000000090900000|  0%| F|  |TAMS 0x0000000090800000, 0x0000000090800000| Untracked 
|  99|0x0000000090900000, 0x0000000090900000, 0x0000000090a00000|  0%| F|  |TAMS 0x0000000090900000, 0x0000000090900000| Untracked 
| 100|0x0000000090a00000, 0x0000000090a00000, 0x0000000090b00000|  0%| F|  |TAMS 0x0000000090a00000, 0x0000000090a00000| Untracked 
| 101|0x0000000090b00000, 0x0000000090b00000, 0x0000000090c00000|  0%| F|  |TAMS 0x0000000090b00000, 0x0000000090b00000| Untracked 
| 102|0x0000000090c00000, 0x0000000090c00000, 0x0000000090d00000|  0%| F|  |TAMS 0x0000000090c00000, 0x0000000090c00000| Untracked 
| 103|0x0000000090d00000, 0x0000000090d00000, 0x0000000090e00000|  0%| F|  |TAMS 0x0000000090d00000, 0x0000000090d00000| Untracked 
| 104|0x0000000090e00000, 0x0000000090e00000, 0x0000000090f00000|  0%| F|  |TAMS 0x0000000090e00000, 0x0000000090e00000| Untracked 
| 105|0x0000000090f00000, 0x0000000090f00000, 0x0000000091000000|  0%| F|  |TAMS 0x0000000090f00000, 0x0000000090f00000| Untracked 
| 106|0x0000000091000000, 0x0000000091072da0, 0x0000000091100000| 44%| E|  |TAMS 0x0000000091000000, 0x0000000091000000| Complete 
| 107|0x0000000091100000, 0x0000000091200000, 0x0000000091200000|100%| E|CS|TAMS 0x0000000091100000, 0x0000000091100000| Complete 
| 108|0x0000000091200000, 0x0000000091300000, 0x0000000091300000|100%| E|CS|TAMS 0x0000000091200000, 0x0000000091200000| Complete 
| 109|0x0000000091300000, 0x0000000091400000, 0x0000000091400000|100%| E|CS|TAMS 0x0000000091300000, 0x0000000091300000| Complete 
| 110|0x0000000091400000, 0x0000000091500000, 0x0000000091500000|100%| E|CS|TAMS 0x0000000091400000, 0x0000000091400000| Complete 
| 111|0x0000000091500000, 0x0000000091600000, 0x0000000091600000|100%| E|CS|TAMS 0x0000000091500000, 0x0000000091500000| Complete 
| 112|0x0000000091600000, 0x0000000091700000, 0x0000000091700000|100%| E|CS|TAMS 0x0000000091600000, 0x0000000091600000| Complete 
| 113|0x0000000091700000, 0x0000000091800000, 0x0000000091800000|100%| E|CS|TAMS 0x0000000091700000, 0x0000000091700000| Complete 
| 114|0x0000000091800000, 0x0000000091900000, 0x0000000091900000|100%| E|CS|TAMS 0x0000000091800000, 0x0000000091800000| Complete 
| 115|0x0000000091900000, 0x0000000091a00000, 0x0000000091a00000|100%| E|CS|TAMS 0x0000000091900000, 0x0000000091900000| Complete 
| 116|0x0000000091a00000, 0x0000000091b00000, 0x0000000091b00000|100%| E|CS|TAMS 0x0000000091a00000, 0x0000000091a00000| Complete 
| 117|0x0000000091b00000, 0x0000000091c00000, 0x0000000091c00000|100%| E|CS|TAMS 0x0000000091b00000, 0x0000000091b00000| Complete 

Card table byte_map: [0x000001fa30b30000,0x000001fa30ee0000] _byte_map_base: 0x000001fa306dd000

Marking Bits (Prev, Next): (CMBitMap*) 0x000001fa1b82bea8, (CMBitMap*) 0x000001fa1b82bee0
 Prev Bits: [0x000001fa31290000, 0x000001fa32ff8000)
 Next Bits: [0x000001fa33000000, 0x000001fa34d68000)

Polling page: 0x000001fa1b8c0000

Metaspace:

Usage:
  Non-class:     13.04 MB capacity,    12.88 MB ( 99%) used,   150.91 KB (  1%) free+waste,    19.81 KB ( <1%) overhead. 
      Class:      1.78 MB capacity,     1.68 MB ( 94%) used,    99.02 KB (  5%) free+waste,     9.69 KB ( <1%) overhead. 
       Both:     14.83 MB capacity,    14.55 MB ( 98%) used,   249.94 KB (  2%) free+waste,    29.50 KB ( <1%) overhead. 

Virtual space:
  Non-class space:       14.00 MB reserved,      13.25 MB ( 95%) committed 
      Class space:        1.00 GB reserved,       1.88 MB ( <1%) committed 
             Both:        1.01 GB reserved,      15.13 MB (  1%) committed 

Chunk freelists:
   Non-Class:  21.00 KB
       Class:  29.00 KB
        Both:  50.00 KB

MaxMetaspaceSize: 17179869184.00 GB
CompressedClassSpaceSize: 1.00 GB
Initial GC threshold: 20.80 MB
Current GC threshold: 20.80 MB
CDS: off

CodeHeap 'non-profiled nmethods': size=120000Kb used=402Kb max_used=402Kb free=119597Kb
 bounds [0x000001fa285c0000, 0x000001fa28830000, 0x000001fa2faf0000]
CodeHeap 'profiled nmethods': size=120000Kb used=2029Kb max_used=2029Kb free=117970Kb
 bounds [0x000001fa21090000, 0x000001fa21300000, 0x000001fa285c0000]
CodeHeap 'non-nmethods': size=5760Kb used=1163Kb max_used=1170Kb free=4596Kb
 bounds [0x000001fa20af0000, 0x000001fa20d60000, 0x000001fa21090000]
 total_blobs=1553 nmethods=1134 adapters=332
 compilation: enabled
              stopped_count=0, restarted_count=0
 full_count=0

Compilation events (20 events):
Event: 6.633 Thread 0x000001fa37a81000 nmethod 1120 0x000001fa21285010 code [0x000001fa212851e0, 0x000001fa212853e8]
Event: 6.633 Thread 0x000001fa37a81000 1121       3       org.gradle.internal.logging.text.AbstractLineChoppingStyledTextOutput$2::execute (73 bytes)
Event: 6.634 Thread 0x000001fa37a81000 nmethod 1121 0x000001fa21285490 code [0x000001fa21285720, 0x000001fa21286158]
Event: 9.121 Thread 0x000001fa37a81000 1125       3       java.util.concurrent.locks.AbstractQueuedSynchronizer::acquire (27 bytes)
Event: 9.122 Thread 0x000001fa37a81000 nmethod 1125 0x000001fa21286590 code [0x000001fa21286780, 0x000001fa21286b58]
Event: 9.122 Thread 0x000001fa37a81000 1126       3       java.util.concurrent.ThreadPoolExecutor::isShutdown (12 bytes)
Event: 9.122 Thread 0x000001fa37a81000 nmethod 1126 0x000001fa21286c90 code [0x000001fa21286e40, 0x000001fa21287018]
Event: 9.122 Thread 0x000001fa37a81000 1127       3       java.util.concurrent.ScheduledThreadPoolExecutor::canRunInCurrentRunState (61 bytes)
Event: 9.122 Thread 0x000001fa37a81000 nmethod 1127 0x000001fa21287110 code [0x000001fa21287340, 0x000001fa21287b68]
Event: 9.229 Thread 0x000001fa37a81000 1128       3       java.util.concurrent.locks.ReentrantLock::unlock (10 bytes)
Event: 9.230 Thread 0x000001fa37a81000 nmethod 1128 0x000001fa21287d90 code [0x000001fa21287f60, 0x000001fa21288298]
Event: 10.434 Thread 0x000001fa37a81000 1129       3       java.lang.invoke.VarHandleGuards::guard_LLL_Z (70 bytes)
Event: 10.435 Thread 0x000001fa37a81000 nmethod 1129 0x000001fa21288410 code [0x000001fa212886c0, 0x000001fa21289668]
Event: 10.727 Thread 0x000001fa37a81000 1131       3       java.lang.invoke.VarHandleObjects$FieldInstanceReadWrite::compareAndSet (38 bytes)
Event: 10.728 Thread 0x000001fa37a81000 nmethod 1131 0x000001fa21289b90 code [0x000001fa21289e00, 0x000001fa2128a768]
Event: 11.135 Thread 0x000001fa37a81000 1132       3       java.util.LinkedHashMap$LinkedHashIterator::<init> (31 bytes)
Event: 11.135 Thread 0x000001fa37a81000 nmethod 1132 0x000001fa2128ab10 code [0x000001fa2128acc0, 0x000001fa2128af18]
Event: 11.727 Thread 0x000001fa37a81000 1133       3       java.nio.ByteBuffer::arrayOffset (35 bytes)
Event: 11.727 Thread 0x000001fa37a81000 nmethod 1133 0x000001fa2128b010 code [0x000001fa2128b1e0, 0x000001fa2128b498]
Event: 11.836 Thread 0x000001fa37a81000 1134       3       java.lang.invoke.VarHandleGuards::guard_LL_V (103 bytes)

GC Heap History (2 events):
Event: 0.653 GC heap before
{Heap before GC invocations=0 (full 0):
 garbage-first heap   total 120832K, used 29696K [0x000000008a600000, 0x0000000100000000)
  region size 1024K, 24 young (24576K), 0 survivors (0K)
 Metaspace       used 11457K, capacity 11713K, committed 11904K, reserved 1060864K
  class space    used 1241K, capacity 1308K, committed 1408K, reserved 1048576K
}
Event: 0.656 GC heap after
{Heap after GC invocations=1 (full 0):
 garbage-first heap   total 120832K, used 8694K [0x000000008a600000, 0x0000000100000000)
  region size 1024K, 3 young (3072K), 3 survivors (3072K)
 Metaspace       used 11457K, capacity 11713K, committed 11904K, reserved 1060864K
  class space    used 1241K, capacity 1308K, committed 1408K, reserved 1048576K
}

Deoptimization events (20 events):
Event: 0.556 Thread 0x000001fa1b7ed000 Uncommon trap: trap_request=0xffffffde fr.pc=0x000001fa285dfa50 relative=0x00000000000003b0
Event: 0.556 Thread 0x000001fa1b7ed000 Uncommon trap: reason=class_check action=maybe_recompile pc=0x000001fa285dfa50 method=java.util.regex.Matcher.match(II)Z @ 121 c2
Event: 0.556 Thread 0x000001fa1b7ed000 DEOPT PACKING pc=0x000001fa285dfa50 sp=0x000000a8eccfdea0
Event: 0.556 Thread 0x000001fa1b7ed000 DEOPT UNPACKING pc=0x000001fa20b3a1af sp=0x000000a8eccfde48 mode 2
Event: 0.556 Thread 0x000001fa1b7ed000 Uncommon trap: trap_request=0xffffffde fr.pc=0x000001fa285dfa50 relative=0x00000000000003b0
Event: 0.556 Thread 0x000001fa1b7ed000 Uncommon trap: reason=class_check action=maybe_recompile pc=0x000001fa285dfa50 method=java.util.regex.Matcher.match(II)Z @ 121 c2
Event: 0.556 Thread 0x000001fa1b7ed000 DEOPT PACKING pc=0x000001fa285dfa50 sp=0x000000a8eccfdd20
Event: 0.556 Thread 0x000001fa1b7ed000 DEOPT UNPACKING pc=0x000001fa20b3a1af sp=0x000000a8eccfdcc8 mode 2
Event: 0.556 Thread 0x000001fa1b7ed000 Uncommon trap: trap_request=0xffffffde fr.pc=0x000001fa285dfa50 relative=0x00000000000003b0
Event: 0.556 Thread 0x000001fa1b7ed000 Uncommon trap: reason=class_check action=maybe_recompile pc=0x000001fa285dfa50 method=java.util.regex.Matcher.match(II)Z @ 121 c2
Event: 0.556 Thread 0x000001fa1b7ed000 DEOPT PACKING pc=0x000001fa285dfa50 sp=0x000000a8eccfdd20
Event: 0.556 Thread 0x000001fa1b7ed000 DEOPT UNPACKING pc=0x000001fa20b3a1af sp=0x000000a8eccfdcc8 mode 2
Event: 0.747 Thread 0x000001fa1b7ed000 DEOPT PACKING pc=0x000001fa2112abff sp=0x000000a8eccf9430
Event: 0.747 Thread 0x000001fa1b7ed000 DEOPT UNPACKING pc=0x000001fa20b3a95e sp=0x000000a8eccf8880 mode 0
Event: 0.747 Thread 0x000001fa1b7ed000 Uncommon trap: trap_request=0xffffff4d fr.pc=0x000001fa2860bef0 relative=0x00000000000001b0
Event: 0.747 Thread 0x000001fa1b7ed000 Uncommon trap: reason=unstable_if action=reinterpret pc=0x000001fa2860bef0 method=java.util.HashMap.getNode(ILjava/lang/Object;)Ljava/util/HashMap$Node; @ 129 c2
Event: 0.747 Thread 0x000001fa1b7ed000 DEOPT PACKING pc=0x000001fa2860bef0 sp=0x000000a8eccfb530
Event: 0.747 Thread 0x000001fa1b7ed000 DEOPT UNPACKING pc=0x000001fa20b3a1af sp=0x000000a8eccfb430 mode 2
Event: 1.444 Thread 0x000001fa1b7ed000 DEOPT PACKING pc=0x000001fa21161e30 sp=0x000000a8eccf9b50
Event: 1.444 Thread 0x000001fa1b7ed000 DEOPT UNPACKING pc=0x000001fa20b3a95e sp=0x000000a8eccf9068 mode 0

Classes redefined (0 events):
No events

Internal exceptions (10 events):
Event: 0.131 Thread 0x000001fa1b7ed000 Exception <a 'java/lang/NoSuchMethodError'{0x0000000091aa1810}: 'int java.lang.invoke.DirectMethodHandle$Holder.invokeSpecialIFC(java.lang.Object, java.lang.Object, int)'> (0x0000000091aa1810) thrown at [./src/hotspot/share/interpreter/linkResolver.cpp, line 773]
Event: 0.209 Thread 0x000001fa1b7ed000 Exception <a 'java/lang/NoSuchMethodError'{0x0000000091874948}: 'int java.lang.invoke.DirectMethodHandle$Holder.invokeStaticInit(java.lang.Object, java.lang.Object)'> (0x0000000091874948) thrown at [./src/hotspot/share/interpreter/linkResolver.cpp, line 773]
Event: 0.310 Thread 0x000001fa1b7ed000 Exception <a 'java/lang/NoSuchMethodError'{0x000000009172f650}: 'int java.lang.invoke.DirectMethodHandle$Holder.invokeSpecial(java.lang.Object, java.lang.Object, java.lang.Object, java.lang.Object)'> (0x000000009172f650) thrown at [./src/hotspot/share/interpreter/linkResolver.cpp, line 773]
Event: 0.577 Thread 0x000001fa1b7ed000 Exception <a 'java/lang/NoClassDefFoundError'{0x00000000909f6c40}: org/slf4j/impl/StaticMarkerBinder> (0x00000000909f6c40) thrown at [./src/hotspot/share/classfile/systemDictionary.cpp, line 220]
Event: 0.586 Thread 0x000001fa1b7ed000 Exception <a 'java/lang/NoSuchMethodError'{0x0000000090890498}: 'java.lang.Object java.lang.invoke.DirectMethodHandle$Holder.invokeVirtual(java.lang.Object, java.lang.Object, java.lang.Object, java.lang.Object, java.lang.Object)'> (0x0000000090890498) thrown at [./src/hotspot/share/interpreter/linkResolver.cpp, line 773]
Event: 0.645 Thread 0x000001fa1b7ed000 Exception <a 'java/lang/NoSuchMethodError'{0x00000000904901a8}: 'java.lang.Object java.lang.invoke.Invokers$Holder.invoker(java.lang.Object, java.lang.Object, java.lang.Object, java.lang.Object, java.lang.Object)'> (0x00000000904901a8) thrown at [./src/hotspot/share/interpreter/linkResolver.cpp, line 773]
Event: 0.647 Thread 0x000001fa1b7ed000 Exception <a 'java/lang/NoSuchMethodError'{0x00000000904a0e88}: 'void java.lang.invoke.DelegatingMethodHandle$Holder.delegate(java.lang.Object, java.lang.Object, int, java.lang.Object)'> (0x00000000904a0e88) thrown at [./src/hotspot/share/interpreter/linkResolver.cpp, line 773]
Event: 0.706 Thread 0x000001fa1b7ed000 Exception <a 'java/lang/NoSuchMethodError'{0x00000000918111c0}: 'java.lang.Object java.lang.invoke.DirectMethodHandle$Holder.invokeStaticInit(java.lang.Object, java.lang.Object, java.lang.Object)'> (0x00000000918111c0) thrown at [./src/hotspot/share/interpreter/linkResolver.cpp, line 773]
Event: 0.758 Thread 0x000001fa1b7ed000 Exception <a 'java/lang/NoSuchMethodError'{0x00000000913161f0}: 'java.lang.Object java.lang.invoke.DirectMethodHandle$Holder.invokeStaticInit(java.lang.Object, int, int, int, int)'> (0x00000000913161f0) thrown at [./src/hotspot/share/interpreter/linkResolver.cpp, line 773]
Event: 0.999 Thread 0x000001fa1b7ed000 Exception <a 'java/lang/NoSuchMethodError'{0x00000000913e19c8}: 'java.lang.Object java.lang.invoke.DirectMethodHandle$Holder.invokeStaticInit(java.lang.Object, java.lang.Object, int, int, int, int)'> (0x00000000913e19c8) thrown at [./src/hotspot/share/interpreter/linkResolver.cpp, line 773]

Events (20 events):
Event: 4.991 loading class jdk/internal/reflect/UTF8
Event: 4.992 loading class jdk/internal/reflect/UTF8 done
Event: 4.992 loading class jdk/internal/reflect/Label
Event: 4.992 loading class jdk/internal/reflect/Label done
Event: 4.992 loading class jdk/internal/reflect/Label$PatchInfo
Event: 4.992 loading class jdk/internal/reflect/Label$PatchInfo done
Event: 4.992 loading class jdk/internal/reflect/MethodAccessorGenerator$1
Event: 4.992 loading class jdk/internal/reflect/MethodAccessorGenerator$1 done
Event: 4.992 loading class jdk/internal/reflect/ClassDefiner
Event: 4.993 loading class jdk/internal/reflect/ClassDefiner done
Event: 4.993 loading class jdk/internal/reflect/ClassDefiner$1
Event: 4.993 loading class jdk/internal/reflect/ClassDefiner$1 done
Event: 6.600 loading class com/google/common/collect/CollectPreconditions
Event: 6.600 loading class com/google/common/collect/CollectPreconditions done
Event: 6.600 loading class org/gradle/internal/logging/events/StyledTextOutputEvent$Span
Event: 6.600 loading class org/gradle/internal/logging/events/StyledTextOutputEvent$Span done
Event: 6.601 loading class org/gradle/internal/logging/events/operations/StyledTextBuildOperationProgressDetails$Span
Event: 6.601 loading class org/gradle/internal/logging/events/operations/StyledTextBuildOperationProgressDetails$Span done
Event: 6.631 loading class org/gradle/internal/logging/text/AbstractLineChoppingStyledTextOutput$StateContext
Event: 6.631 loading class org/gradle/internal/logging/text/AbstractLineChoppingStyledTextOutput$StateContext done


Dynamic libraries:
0x00007ff6e8ea0000 - 0x00007ff6e8eaa000 	C:\Program Files\Android\Android Studio\jre\bin\java.exe
0x00007ffaee870000 - 0x00007ffaeea84000 	C:\WINDOWS\SYSTEM32\ntdll.dll
0x00007ffaec780000 - 0x00007ffaec842000 	C:\WINDOWS\System32\KERNEL32.DLL
0x00007ffaebf60000 - 0x00007ffaec303000 	C:\WINDOWS\System32\KERNELBASE.dll
0x00007ffaebc70000 - 0x00007ffaebd81000 	C:\WINDOWS\System32\ucrtbase.dll
0x00007ffac58b0000 - 0x00007ffac58c9000 	C:\Program Files\Android\Android Studio\jre\bin\jli.dll
0x00007ffac91d0000 - 0x00007ffac91e7000 	C:\Program Files\Android\Android Studio\jre\bin\VCRUNTIME140.dll
0x00007ffaec9c0000 - 0x00007ffaecb6b000 	C:\WINDOWS\System32\USER32.dll
0x00007ffaec310000 - 0x00007ffaec336000 	C:\WINDOWS\System32\win32u.dll
0x00007ffad2b20000 - 0x00007ffad2dae000 	C:\WINDOWS\WinSxS\amd64_microsoft.windows.common-controls_6595b64144ccf1df_6.0.22621.1635_none_270f70857386168e\COMCTL32.dll
0x00007ffaed270000 - 0x00007ffaed299000 	C:\WINDOWS\System32\GDI32.dll
0x00007ffaec850000 - 0x00007ffaec8f7000 	C:\WINDOWS\System32\msvcrt.dll
0x00007ffaec3c0000 - 0x00007ffaec4d9000 	C:\WINDOWS\System32\gdi32full.dll
0x00007ffaebd90000 - 0x00007ffaebe2a000 	C:\WINDOWS\System32\msvcp_win.dll
0x00007ffaee310000 - 0x00007ffaee341000 	C:\WINDOWS\System32\IMM32.DLL
0x00007ffa86070000 - 0x00007ffa8610d000 	C:\Program Files\Android\Android Studio\jre\bin\msvcp140.dll
0x00007ffa33ba0000 - 0x00007ffa34685000 	C:\Program Files\Android\Android Studio\jre\bin\server\jvm.dll
0x00007ffaec650000 - 0x00007ffaec6fe000 	C:\WINDOWS\System32\ADVAPI32.dll
0x00007ffaec900000 - 0x00007ffaec9a4000 	C:\WINDOWS\System32\sechost.dll
0x00007ffaecb90000 - 0x00007ffaecca7000 	C:\WINDOWS\System32\RPCRT4.dll
0x00007ffaec9b0000 - 0x00007ffaec9b8000 	C:\WINDOWS\System32\PSAPI.DLL
0x00007ffacbb20000 - 0x00007ffacbb29000 	C:\WINDOWS\SYSTEM32\WSOCK32.dll
0x00007ffae5900000 - 0x00007ffae5934000 	C:\WINDOWS\SYSTEM32\WINMM.dll
0x00007ffae49c0000 - 0x00007ffae49ca000 	C:\WINDOWS\SYSTEM32\VERSION.dll
0x00007ffaec700000 - 0x00007ffaec771000 	C:\WINDOWS\System32\WS2_32.dll
0x00007ffaead70000 - 0x00007ffaead88000 	C:\WINDOWS\SYSTEM32\kernel.appcore.dll
0x00007ffac19a0000 - 0x00007ffac19b1000 	C:\Program Files\Android\Android Studio\jre\bin\verify.dll
0x00007ffad98a0000 - 0x00007ffad9ace000 	C:\WINDOWS\SYSTEM32\DBGHELP.DLL
0x00007ffaecdb0000 - 0x00007ffaed139000 	C:\WINDOWS\System32\combase.dll
0x00007ffaed700000 - 0x00007ffaed7d7000 	C:\WINDOWS\System32\OLEAUT32.dll
0x00007fface6d0000 - 0x00007fface702000 	C:\WINDOWS\SYSTEM32\dbgcore.DLL
0x00007ffaec340000 - 0x00007ffaec3bb000 	C:\WINDOWS\System32\bcryptPrimitives.dll
0x00007ffaac930000 - 0x00007ffaac959000 	C:\Program Files\Android\Android Studio\jre\bin\java.dll
0x00007ffad4740000 - 0x00007ffad474b000 	C:\Program Files\Android\Android Studio\jre\bin\jimage.dll
0x00007ffabf390000 - 0x00007ffabf3a8000 	C:\Program Files\Android\Android Studio\jre\bin\zip.dll
0x00007ffaedb10000 - 0x00007ffaee30a000 	C:\WINDOWS\System32\SHELL32.dll
0x00007ffae9c30000 - 0x00007ffaea4fe000 	C:\WINDOWS\SYSTEM32\windows.storage.dll
0x00007ffae9af0000 - 0x00007ffae9c2e000 	C:\WINDOWS\SYSTEM32\wintypes.dll
0x00007ffaeccb0000 - 0x00007ffaecda1000 	C:\WINDOWS\System32\SHCORE.dll
0x00007ffaed500000 - 0x00007ffaed55e000 	C:\WINDOWS\System32\shlwapi.dll
0x00007ffaebba0000 - 0x00007ffaebbc1000 	C:\WINDOWS\SYSTEM32\profapi.dll
0x00007ffad4820000 - 0x00007ffad483a000 	C:\Program Files\Android\Android Studio\jre\bin\net.dll
0x00007ffae57c0000 - 0x00007ffae58f7000 	C:\WINDOWS\SYSTEM32\WINHTTP.dll
0x00007ffaeb1d0000 - 0x00007ffaeb239000 	C:\WINDOWS\system32\mswsock.dll
0x00007ffad4800000 - 0x00007ffad4814000 	C:\Program Files\Android\Android Studio\jre\bin\nio.dll
0x00007ffaaccc0000 - 0x00007ffaacce6000 	C:\Users\dantu\.gradle\native\fdc75f09e3144964f2cf3f50f0aa648679c211496f362492102eb8c894070792\windows-amd64\native-platform.dll
0x00007ffa7f1e0000 - 0x00007ffa7f371000 	C:\Users\dantu\.gradle\native\12488b8bf47d2d4c9fbf2f6322a914ad602e24e48041cd04a747c6da556b65c4\windows-amd64\native-platform-file-events.dll
0x00007ffad47f0000 - 0x00007ffad47fa000 	C:\Program Files\Android\Android Studio\jre\bin\management.dll
0x00007ffacda30000 - 0x00007ffacda3d000 	C:\Program Files\Android\Android Studio\jre\bin\management_ext.dll
0x00007ffaeb420000 - 0x00007ffaeb43b000 	C:\WINDOWS\SYSTEM32\CRYPTSP.dll
0x00007ffaeace0000 - 0x00007ffaead15000 	C:\WINDOWS\system32\rsaenh.dll
0x00007ffaeb280000 - 0x00007ffaeb2a8000 	C:\WINDOWS\SYSTEM32\USERENV.dll
0x00007ffaeb640000 - 0x00007ffaeb668000 	C:\WINDOWS\SYSTEM32\bcrypt.dll
0x00007ffaeb3e0000 - 0x00007ffaeb3ec000 	C:\WINDOWS\SYSTEM32\CRYPTBASE.dll
0x00007ffaea810000 - 0x00007ffaea83d000 	C:\WINDOWS\SYSTEM32\IPHLPAPI.DLL
0x00007ffaed3b0000 - 0x00007ffaed3b9000 	C:\WINDOWS\System32\NSI.dll
0x00007ffae5590000 - 0x00007ffae55a9000 	C:\WINDOWS\SYSTEM32\dhcpcsvc6.DLL
0x00007ffae5460000 - 0x00007ffae547f000 	C:\WINDOWS\SYSTEM32\dhcpcsvc.DLL
0x00007ffaea840000 - 0x00007ffaea933000 	C:\WINDOWS\SYSTEM32\DNSAPI.dll
0x00007ffae9410000 - 0x00007ffae941d000 	C:\WINDOWS\SYSTEM32\WINNSI.DLL

dbghelp: loaded successfully - version: 4.0.5 - missing functions: none
symbol engine: initialized successfully - sym options: 0x614 - pdb path: .;C:\Program Files\Android\Android Studio\jre\bin;C:\WINDOWS\SYSTEM32;C:\WINDOWS\WinSxS\amd64_microsoft.windows.common-controls_6595b64144ccf1df_6.0.22621.1635_none_270f70857386168e;C:\Program Files\Android\Android Studio\jre\bin\server;C:\Users\dantu\.gradle\native\fdc75f09e3144964f2cf3f50f0aa648679c211496f362492102eb8c894070792\windows-amd64;C:\Users\dantu\.gradle\native\12488b8bf47d2d4c9fbf2f6322a914ad602e24e48041cd04a747c6da556b65c4\windows-amd64

VM Arguments:
jvm_args: -Dorg.gradle.appname=gradlew 
java_command: org.gradle.wrapper.GradleWrapperMain -q -Ptarget-platform=android-x86 -Ptarget=C:\Users\dantu\OneDrive\Desktop\4-1\Kamal\Crop insurance assistance\lib\main.dart -Pbase-application-name=android.app.Application -Pdart-defines=RkxVVFRFUl9XRUJfQVVUT19ERVRFQ1Q9dHJ1ZQ== -Pdart-obfuscation=false -Ptrack-widget-creation=true -Ptree-shake-icons=false -Pfilesystem-scheme=org-dartlang-root assembleDebug
java_class_path (initial): C:\Users\dantu\OneDrive\Desktop\4-1\Kamal\Crop insurance assistance\android\\gradle\wrapper\gradle-wrapper.jar
Launcher Type: SUN_STANDARD

[Global flags]
     intx CICompilerCount                          = 4                                         {product} {ergonomic}
     uint ConcGCThreads                            = 3                                         {product} {ergonomic}
     uint G1ConcRefinementThreads                  = 10                                        {product} {ergonomic}
   size_t G1HeapRegionSize                         = 1048576                                   {product} {ergonomic}
    uintx GCDrainStackTargetSize                   = 64                                        {product} {ergonomic}
   size_t InitialHeapSize                          = 123731968                                 {product} {ergonomic}
   size_t MarkStackSize                            = 4194304                                   {product} {ergonomic}
   size_t MaxHeapSize                              = 1973420032                                {product} {ergonomic}
   size_t MaxNewSize                               = 1183842304                                {product} {ergonomic}
   size_t MinHeapDeltaBytes                        = 1048576                                   {product} {ergonomic}
    uintx NonNMethodCodeHeapSize                   = 5836300                                {pd product} {ergonomic}
    uintx NonProfiledCodeHeapSize                  = 122910970                              {pd product} {ergonomic}
    uintx ProfiledCodeHeapSize                     = 122910970                              {pd product} {ergonomic}
    uintx ReservedCodeCacheSize                    = 251658240                              {pd product} {ergonomic}
     bool SegmentedCodeCache                       = true                                      {product} {ergonomic}
     bool UseCompressedClassPointers               = true                                 {lp64_product} {ergonomic}
     bool UseCompressedOops                        = true                                 {lp64_product} {ergonomic}
     bool UseG1GC                                  = true                                      {product} {ergonomic}
     bool UseLargePagesIndividualAllocation        = false                                  {pd product} {ergonomic}

Logging:
Log output configuration:
 #0: stdout all=warning uptime,level,tags
 #1: stderr all=off uptime,level,tags

Environment Variables:
JAVA_HOME=C:\Program Files\Android\Android Studio\jre
CLASSPATH=C:\Users\dantu\OneDrive\Desktop\4-1\Kamal\Crop insurance assistance\android\\gradle\wrapper\gradle-wrapper.jar
PATH=C:\Android\flutter\bin\;C:\Python310\Scripts\;C:\Python310\;C:\Program Files (x86)\Common Files\Oracle\Java\javapath;C:\windows\system32;C:\windows;C:\windows\System32\Wbem;C:\windows\System32\WindowsPowerShell\v1.0\;C:\windows\System32\OpenSSH\;C:\Program Files (x86)\NVIDIA Corporation\PhysX\Common;C:\Program Files\NVIDIA Corporation\NVIDIA NvDLISR;C:\WINDOWS\system32;C:\WINDOWS;C:\WINDOWS\System32\Wbem;C:\WINDOWS\System32\WindowsPowerShell\v1.0\;C:\WINDOWS\System32\OpenSSH\;C:\Program Files\nodejs\;C:\ProgramData\chocolatey\bin;C:\Program Files\Git\cmd;C:\Program Files\Docker\Docker\resources\bin;C:\ProgramData\DockerDesktop\version-bin;C:\ffmpeg\bin;C:\Python310\Scripts\;C:\Python310\;C:\Program Files (x86)\Common Files\Oracle\Java\javapath;C:\windows\system32;C:\windows;C:\windows\System32\Wbem;C:\windows\System32\WindowsPowerShell\v1.0\;C:\windows\System32\OpenSSH\;C:\Program Files (x86)\NVIDIA Corporation\PhysX\Common;C:\Program Files\NVIDIA Corporation\NVIDIA NvDLISR;C:\WINDOWS\system32;C:\WINDOWS;C:\WINDOWS\System32\Wbem;C:\WINDOWS\System32\WindowsPowerShell\v1.0\;C:\WINDOWS\System32\OpenSSH\;C:\Program Files\nodejs\;C:\ProgramData\chocolatey\bin;C:\Program Files\Git\cmd;C:\Users\dantu\AppData\Local\Microsoft\WindowsApps;C:\Users\dantu\AppData\Local\Programs\Microsoft VS Code\bin;C:\Users\dantu\AppData\Roaming\npm;C:\Android\cmdline-tools;C:\Android\cmdline-tools\latest;C:\Android\cmdline-tools\latest\bin;C:\Android\flutter\bin;;%USERPROFILE%\AppData\Local\Microsoft\WindowsApps;C:\Android\flutter\bin\mingit\cmd
USERNAME=dantu
LANG=en_US.UTF-8
OS=Windows_NT
PROCESSOR_IDENTIFIER=AMD64 Family 25 Model 80 Stepping 0, AuthenticAMD



---------------  S Y S T E M  ---------------

OS: Windows 10 , 64 bit Build 22621 (10.0.22621.1778)
OS uptime: 27 days 23:24 hours
Hyper-V role detected

CPU:total 12 (initial active 12) (12 cores per cpu, 2 threads per core) family 25 model 80 stepping 0 microcode 0x0, cmov, cx8, fxsr, mmx, sse, sse2, sse3, ssse3, sse4.1, sse4.2, popcnt, avx, avx2, aes, clmul, erms, mmxext, 3dnowpref, lzcnt, sse4a, ht, tsc, tscinvbit, tscinv, bmi1, bmi2, adx, sha, fma

Memory: 4k page, system-wide physical 7521M (182M free)
TotalPageFile size 31073M (AvailPageFile size 0M)
current process WorkingSet (physical memory assigned to process): 92M, peak: 97M
current process commit charge ("private bytes"): 218M, peak: 223M

vm_info: OpenJDK 64-Bit Server VM (11.0.12+7-b1504.28-7817840) for windows-amd64 JRE (11.0.12+7-b1504.28-7817840), built on Oct 13 2021 22:12:33 by "builder" with MS VC++ 14.0 (VS2015)

END.
